<?xml version="1.0" encoding="UTF-8"?>
<!-- Generated by org.testng.reporters.JUnitReportReporter -->
<testsuite hostname="BBMDVPAYZAPP" failures="0" tests="2" name="day12.TestNgAnnoitation5" time="0.006" errors="0" timestamp="2025-03-04T21:11:03 IST" skipped="0">
  <testcase classname="day12.TestNgAnnoitation5" name="verifyLogin" time="0.004"/>
  <system-out/>
  <testcase classname="day12.TestNgAnnoitation5" name="verifyTitle" time="0.002"/>
  <system-out/>
</testsuite> <!-- day12.TestNgAnnoitation5 -->
