<?xml version="1.0" encoding="UTF-8"?>
<!-- Generated by org.testng.reporters.JUnitReportReporter -->
<testsuite hostname="BBMDVPAYZAPP" failures="0" tests="3" name="day13.DataProvidorTest" time="0.009" errors="0" timestamp="2025-03-05T21:00:30 IST" skipped="0">
  <testcase classname="day13.DataProvidorTest" name="testLogin" time="0.007"/>
  <system-out/>
  <testcase classname="day13.DataProvidorTest" name="testLogin" time="0.000"/>
  <system-out/>
  <testcase classname="day13.DataProvidorTest" name="testLogin" time="0.002"/>
  <system-out/>
</testsuite> <!-- day13.DataProvidorTest -->
