<?xml version="1.0" encoding="UTF-8"?>
<!-- Generated by org.testng.reporters.JUnitReportReporter -->
<testsuite hostname="BBMDVPAYZAPP" failures="0" tests="1" name="day13.SendEmailTest" time="0.001" errors="0" timestamp="2025-03-05T20:36:59 IST" skipped="0">
  <testcase classname="day13.SendEmailTest" name="sendEmail" time="0.001"/>
  <system-out/>
</testsuite> <!-- day13.SendEmailTest -->
