<?xml version="1.0" encoding="UTF-8"?>
<!-- Generated by org.testng.reporters.JUnitReportReporter -->
<testsuite hostname="BBMDVPAYZAPP" failures="0" tests="2" name="day12.TestNgAnnoitation4" time="0.014" errors="0" timestamp="2025-03-04T21:14:15 IST" skipped="0">
  <testcase classname="day12.TestNgAnnoitation4" name="verifyLogin" time="0.011"/>
  <system-out/>
  <testcase classname="day12.TestNgAnnoitation4" name="verifyTitle" time="0.003"/>
  <system-out/>
</testsuite> <!-- day12.TestNgAnnoitation4 -->
