<?xml version="1.0" encoding="UTF-8"?>
<!-- Generated by org.testng.reporters.JUnitReportReporter -->
<testsuite hostname="BBMDVPAYZAPP" failures="0" tests="1" name="day12.VerifyTitleTest" time="0.002" errors="0" timestamp="2025-03-04T21:33:33 IST" skipped="0">
  <testcase classname="day12.VerifyTitleTest" name="verifyTitleTest" time="0.002"/>
  <system-out/>
</testsuite> <!-- day12.VerifyTitleTest -->
