<?xml version="1.0" encoding="UTF-8"?>
<!-- Generated by org.testng.reporters.JUnitReportReporter -->
<testsuite hostname="BBMDVPAYZAPP" failures="0" tests="1" name="day12.LoginTest2" time="0.001" errors="0" timestamp="2025-03-04T21:33:33 IST" skipped="0">
  <testcase classname="day12.LoginTest2" name="loginTestWithBlockedUser" time="0.001"/>
  <system-out/>
</testsuite> <!-- day12.LoginTest2 -->
