<?xml version="1.0" encoding="UTF-8"?>
<!-- Generated by org.testng.reporters.JUnitReportReporter -->
<testsuite hostname="BBMDVPAYZAPP" failures="0" tests="1" name="day13.GroupTest" time="0.006" errors="0" timestamp="2025-03-05T20:36:59 IST" skipped="0">
  <testcase classname="day13.GroupTest" name="browserLaunched" time="0.006"/>
  <system-out/>
</testsuite> <!-- day13.GroupTest -->
