<?xml version="1.0" encoding="UTF-8"?>
<!-- Generated by org.testng.reporters.JUnitReportReporter -->
<testsuite hostname="BBMDVPAYZAPP" failures="0" tests="2" name="day12.LoginTest" time="0.010" errors="0" timestamp="2025-03-04T21:33:33 IST" skipped="0">
  <testcase classname="day12.LoginTest" name="loginTestWithValidUser" time="0.003"/>
  <system-out/>
  <testcase classname="day12.LoginTest" name="loginTestWithInvalidUser" time="0.007"/>
  <system-out/>
</testsuite> <!-- day12.LoginTest -->
