<?xml version="1.0" encoding="UTF-8"?>
<!-- Generated by org.testng.reporters.JUnitReportReporter -->
<testsuite hostname="BBMDVPAYZAPP" failures="0" tests="3" name="day13.DataProvidorTest2" time="0.006" errors="0" timestamp="2025-03-05T21:03:58 IST" skipped="0">
  <testcase classname="day13.DataProvidorTest2" name="testFromExcel" time="0.004"/>
  <system-out/>
  <testcase classname="day13.DataProvidorTest2" name="testFromExcel" time="0.001"/>
  <system-out/>
  <testcase classname="day13.DataProvidorTest2" name="testFromExcel" time="0.001"/>
  <system-out/>
</testsuite> <!-- day13.DataProvidorTest2 -->
