<?xml version="1.0" encoding="UTF-8"?>
<!-- Generated by org.testng.reporters.JUnitReportReporter -->
<testsuite hostname="BBMDVPAYZAPP" failures="0" tests="4" name="day12.TestNgAnnoitation" time="0.018" errors="0" timestamp="2025-03-04T20:55:31 IST" skipped="0">
  <testcase classname="day12.TestNgAnnoitation" name="launchBrowser" time="0.001"/>
  <system-out/>
  <testcase classname="day12.TestNgAnnoitation" name="verifyTitle" time="0.001"/>
  <system-out/>
  <testcase classname="day12.TestNgAnnoitation" name="closeBrowser" time="0.015"/>
  <system-out/>
  <testcase classname="day12.TestNgAnnoitation" name="verifyLogin" time="0.001"/>
  <system-out/>
</testsuite> <!-- day12.TestNgAnnoitation -->
