<?xml version="1.0" encoding="UTF-8"?>
<!-- Generated by org.testng.reporters.JUnitReportReporter -->
<testsuite hostname="BBMDVPAYZAPP" failures="0" tests="4" name="day13.LoginTest_1" time="0.011" errors="0" timestamp="2025-03-05T20:21:53 IST" skipped="0">
  <testcase classname="day13.LoginTest_1" name="blockedUserLoginTest" time="0.008"/>
  <system-out/>
  <testcase classname="day13.LoginTest_1" name="browserLaunched" time="0.001"/>
  <system-out/>
  <testcase classname="day13.LoginTest_1" name="invalidLoginTest" time="0.001"/>
  <system-out/>
  <testcase classname="day13.LoginTest_1" name="validloginTest" time="0.001"/>
  <system-out/>
</testsuite> <!-- day13.LoginTest_1 -->
