<?xml version="1.0" encoding="UTF-8"?>
<!-- Generated by org.testng.reporters.JUnitReportReporter -->
<testsuite hostname="BBMDVPAYZAPP" failures="0" tests="4" name="day13.ParralelTest" time="0.043" errors="0" timestamp="2025-03-05T20:55:48 IST" skipped="0">
  <testcase classname="day13.ParralelTest" name="testSentItem" time="0.011"/>
  <system-out/>
  <testcase classname="day13.ParralelTest" name="composeEmail" time="0.012"/>
  <system-out/>
  <testcase classname="day13.ParralelTest" name="sendEmail" time="0.009"/>
  <system-out/>
  <testcase classname="day13.ParralelTest" name="clearSpamEmail" time="0.011"/>
  <system-out/>
</testsuite> <!-- day13.ParralelTest -->
